<?xml version="1.0" encoding="UTF-8"?>
<!-- Generated by org.testng.reporters.JUnitXMLReporter -->
<testsuite ignored="0" hostname="DESKTOP-MC3KBP8" failures="0" tests="4" name="Default test" time="121.212" errors="0" timestamp="2023-05-31T23:34:06 EDT">
  <testcase classname="com.tutorialsninja.practice.testCase.Login_Test" name="Login_TN" time="0.114"/>
  <testcase classname="com.tutorialsninja.practice.testCase.Login_Test" name="clickOnLaptopsAndNotebook" time="1.36"/>
  <testcase classname="com.tutorialsninja.practice.testCase.Login_Test" name="clickOnHpLaptop" time="2.885"/>
  <testcase classname="com.tutorialsninja.practice.testCase.Login_Test" name="completeBuying" time="23.341"/>
</testsuite> <!-- Default test -->
