<?xml version="1.0" encoding="UTF-8"?>
<!-- Generated by org.testng.reporters.JUnitXMLReporter -->
<testsuite ignored="0" hostname="DESKTOP-MC3KBP8" failures="0" tests="4" name="Test" time="139.024" errors="0" timestamp="2023-05-31T23:41:16 EDT">
  <testcase classname="com.tutorialsninja.practice.testCase.Login_Test" name="Login_TN" time="0.115"/>
  <testcase classname="com.tutorialsninja.practice.testCase.Login_Test" name="clickOnLaptopsAndNotebook" time="2.409"/>
  <testcase classname="com.tutorialsninja.practice.testCase.Login_Test" name="clickOnHpLaptop" time="3.273"/>
  <testcase classname="com.tutorialsninja.practice.testCase.Login_Test" name="completeBuying" time="23.924"/>
</testsuite> <!-- Test -->
