<?xml version="1.0" encoding="UTF-8"?>
<!-- Generated by org.testng.reporters.JUnitXMLReporter -->
<testsuite ignored="0" hostname="DESKTOP-MC3KBP8" failures="0" tests="4" name="Test" time="87.872" errors="0" timestamp="01 Jun. 2023 14:29:34 GMT">
  <testcase classname="com.tutorialsninja.practice.testCase.Login_Test" name="Login_TN" time="0.115"/>
  <testcase classname="com.tutorialsninja.practice.testCase.Login_Test" name="clickOnLaptopsAndNotebook" time="1.53"/>
  <testcase classname="com.tutorialsninja.practice.testCase.Login_Test" name="clickOnHpLaptop" time="2.267"/>
  <testcase classname="com.tutorialsninja.practice.testCase.Login_Test" name="completeBuying" time="23.767"/>
</testsuite> <!-- Test -->
