<?xml version="1.0" encoding="UTF-8"?>
<testng-results ignored="0" total="4" passed="4" failed="0" skipped="0">
  <reporter-output>
  </reporter-output>
  <suite started-at="2023-05-31T23:38:57 EDT" name="Suite" finished-at="2023-05-31T23:41:16 EDT" duration-ms="139024">
    <groups>
    </groups>
    <test started-at="2023-05-31T23:38:57 EDT" name="Test" finished-at="2023-05-31T23:41:16 EDT" duration-ms="139024">
      <class name="com.tutorialsninja.practice.testCase.Login_Test">
        <test-method is-config="true" signature="setUp()[pri:0, instance:com.tutorialsninja.practice.testCase.Login_Test@4b8ee4de]" started-at="2023-05-31T23:38:57 EDT" name="setUp" finished-at="2023-05-31T23:39:21 EDT" duration-ms="24342" status="PASS">
          <reporter-output>
          </reporter-output>
        </test-method> <!-- setUp -->
        <test-method signature="Login_TN()[pri:1, instance:com.tutorialsninja.practice.testCase.Login_Test@4b8ee4de]" started-at="2023-05-31T23:39:21 EDT" name="Login_TN" finished-at="2023-05-31T23:39:22 EDT" duration-ms="115" status="PASS">
          <reporter-output>
          </reporter-output>
        </test-method> <!-- Login_TN -->
        <test-method is-config="true" signature="tearDown()[pri:0, instance:com.tutorialsninja.practice.testCase.Login_Test@4b8ee4de]" started-at="2023-05-31T23:39:22 EDT" name="tearDown" finished-at="2023-05-31T23:39:22 EDT" duration-ms="233" status="PASS">
          <reporter-output>
          </reporter-output>
        </test-method> <!-- tearDown -->
        <test-method is-config="true" signature="setUp()[pri:0, instance:com.tutorialsninja.practice.testCase.Login_Test@4b8ee4de]" started-at="2023-05-31T23:39:22 EDT" name="setUp" finished-at="2023-05-31T23:39:53 EDT" duration-ms="30783" status="PASS">
          <reporter-output>
          </reporter-output>
        </test-method> <!-- setUp -->
        <test-method signature="clickOnLaptopsAndNotebook()[pri:2, instance:com.tutorialsninja.practice.testCase.Login_Test@4b8ee4de]" started-at="2023-05-31T23:39:53 EDT" name="clickOnLaptopsAndNotebook" finished-at="2023-05-31T23:39:55 EDT" duration-ms="2409" status="PASS">
          <reporter-output>
          </reporter-output>
        </test-method> <!-- clickOnLaptopsAndNotebook -->
        <test-method is-config="true" signature="tearDown()[pri:0, instance:com.tutorialsninja.practice.testCase.Login_Test@4b8ee4de]" started-at="2023-05-31T23:39:55 EDT" name="tearDown" finished-at="2023-05-31T23:39:55 EDT" duration-ms="206" status="PASS">
          <reporter-output>
          </reporter-output>
        </test-method> <!-- tearDown -->
        <test-method is-config="true" signature="setUp()[pri:0, instance:com.tutorialsninja.practice.testCase.Login_Test@4b8ee4de]" started-at="2023-05-31T23:39:55 EDT" name="setUp" finished-at="2023-05-31T23:40:22 EDT" duration-ms="27011" status="PASS">
          <reporter-output>
          </reporter-output>
        </test-method> <!-- setUp -->
        <test-method signature="clickOnHpLaptop()[pri:3, instance:com.tutorialsninja.practice.testCase.Login_Test@4b8ee4de]" started-at="2023-05-31T23:40:22 EDT" name="clickOnHpLaptop" finished-at="2023-05-31T23:40:25 EDT" duration-ms="3273" status="PASS">
          <reporter-output>
          </reporter-output>
        </test-method> <!-- clickOnHpLaptop -->
        <test-method is-config="true" signature="tearDown()[pri:0, instance:com.tutorialsninja.practice.testCase.Login_Test@4b8ee4de]" started-at="2023-05-31T23:40:25 EDT" name="tearDown" finished-at="2023-05-31T23:40:26 EDT" duration-ms="270" status="PASS">
          <reporter-output>
          </reporter-output>
        </test-method> <!-- tearDown -->
        <test-method is-config="true" signature="setUp()[pri:0, instance:com.tutorialsninja.practice.testCase.Login_Test@4b8ee4de]" started-at="2023-05-31T23:40:26 EDT" name="setUp" finished-at="2023-05-31T23:40:52 EDT" duration-ms="26111" status="PASS">
          <reporter-output>
          </reporter-output>
        </test-method> <!-- setUp -->
        <test-method signature="completeBuying()[pri:4, instance:com.tutorialsninja.practice.testCase.Login_Test@4b8ee4de]" started-at="2023-05-31T23:40:52 EDT" name="completeBuying" finished-at="2023-05-31T23:41:16 EDT" duration-ms="23924" status="PASS">
          <reporter-output>
          </reporter-output>
        </test-method> <!-- completeBuying -->
        <test-method is-config="true" signature="tearDown()[pri:0, instance:com.tutorialsninja.practice.testCase.Login_Test@4b8ee4de]" started-at="2023-05-31T23:41:16 EDT" name="tearDown" finished-at="2023-05-31T23:41:16 EDT" duration-ms="295" status="PASS">
          <reporter-output>
          </reporter-output>
        </test-method> <!-- tearDown -->
      </class> <!-- com.tutorialsninja.practice.testCase.Login_Test -->
    </test> <!-- Test -->
  </suite> <!-- Suite -->
</testng-results>
